<?xml version="1.0" encoding="UTF-8"?>
<!-- Generated by org.testng.reporters.JUnitXMLReporter -->
<testsuite hostname="sam" name="Surefire test" tests="3" failures="0" timestamp="10 Nov 2016 09:52:02 GMT" time="1.116" errors="0">
  <testcase name="unchecked on unchecked(com.ppdai.exception.ExtExceptionsTest)" time="0.071" classname="com.ppdai.exception.ExtExceptionsTest"/>
  <testcase name="isCausedBy on isCausedBy(com.ppdai.exception.ExtExceptionsTest)" time="0.002" classname="com.ppdai.exception.ExtExceptionsTest"/>
  <testcase name="getStackTraceAsString on getStackTraceAsString(com.ppdai.exception.ExtExceptionsTest)" time="0.006" classname="com.ppdai.exception.ExtExceptionsTest"/>
</testsuite> <!-- Surefire test -->
